# JRE version: OpenJDK Runtime Environment Temurin-17.0.10+7 (17.0.10+7) (build 17.0.10+7)
# Java VM: OpenJDK 64-Bit Server VM Temurin-17.0.10+7 (17.0.10+7, mixed mode, tiered, compressed oops, compressed class ptrs, parallel gc, windows-amd64)
GC Precious Log:
 CPUs: 12 total, 12 available
 Memory: 16215M
 Large Page Support: Disabled
 NUMA Support: Disabled
 Compressed Oops: Enabled (32-bit)
 Alignments: Space 512K, Generation 512K, Heap 2M
 Heap Min Capacity: 100M
 Heap Initial Capacity: 100M
 Heap Max Capacity: 1G
 Pre-touch: Disabled
 Parallel Workers: 10
Heap:
 PSYoungGen      total 5632K, used 3645K [0x00000000eab00000, 0x00000000eb300000, 0x0000000100000000)
  eden space 4608K, 57% used [0x00000000eab00000,0x00000000ead977d8,0x00000000eaf80000)
  from space 1024K, 96% used [0x00000000eb200000,0x00000000eb2f8000,0x00000000eb300000)
  to   space 1536K, 0% used [0x00000000eb000000,0x00000000eb000000,0x00000000eb180000)
 ParOldGen       total 189952K, used 155345K [0x00000000c0000000, 0x00000000cb980000, 0x00000000eab00000)
  object space 189952K, 81% used [0x00000000c0000000,0x00000000c97b47a0,0x00000000cb980000)
 Metaspace       used 92749K, committed 94272K, reserved 1179648K
  class space    used 9471K, committed 10112K, reserved 1048576K
GC Heap History (20 events):
Event: 1182.980 GC heap before
{Heap before GC invocations=1720 (full 28):
 PSYoungGen      total 6144K, used 6144K [0x00000000eab00000, 0x00000000eb700000, 0x0000000100000000)
  eden space 4608K, 100% used [0x00000000eab00000,0x00000000eaf80000,0x00000000eaf80000)
  from space 1536K, 100% used [0x00000000eb280000,0x00000000eb400000,0x00000000eb400000)
  to   space 3072K, 0% used [0x00000000eaf80000,0x00000000eaf80000,0x00000000eb280000)
 ParOldGen       total 189952K, used 148098K [0x00000000c0000000, 0x00000000cb980000, 0x00000000eab00000)
  object space 189952K, 77% used [0x00000000c0000000,0x00000000c90a0b60,0x00000000cb980000)
 Metaspace       used 92735K, committed 94272K, reserved 1179648K
  class space    used 9471K, committed 10112K, reserved 1048576K
}
Event: 1182.981 GC heap after
{Heap after GC invocations=1720 (full 28):
 PSYoungGen      total 7680K, used 1536K [0x00000000eab00000, 0x00000000eb480000, 0x0000000100000000)
  eden space 4608K, 0% used [0x00000000eab00000,0x00000000eab00000,0x00000000eaf80000)
  from space 3072K, 50% used [0x00000000eaf80000,0x00000000eb100000,0x00000000eb280000)
  to   space 2048K, 0% used [0x00000000eb280000,0x00000000eb280000,0x00000000eb480000)
 ParOldGen       total 189952K, used 149634K [0x00000000c0000000, 0x00000000cb980000, 0x00000000eab00000)
  object space 189952K, 78% used [0x00000000c0000000,0x00000000c9220b60,0x00000000cb980000)
 Metaspace       used 92735K, committed 94272K, reserved 1179648K
  class space    used 9471K, committed 10112K, reserved 1048576K
}
Event: 1183.012 GC heap before
{Heap before GC invocations=1721 (full 28):
 PSYoungGen      total 7680K, used 6144K [0x00000000eab00000, 0x00000000eb480000, 0x0000000100000000)
  eden space 4608K, 100% used [0x00000000eab00000,0x00000000eaf80000,0x00000000eaf80000)
  from space 3072K, 50% used [0x00000000eaf80000,0x00000000eb100000,0x00000000eb280000)
  to   space 2048K, 0% used [0x00000000eb280000,0x00000000eb280000,0x00000000eb480000)
 ParOldGen       total 189952K, used 149634K [0x00000000c0000000, 0x00000000cb980000, 0x00000000eab00000)
  object space 189952K, 78% used [0x00000000c0000000,0x00000000c9220b60,0x00000000cb980000)
 Metaspace       used 92735K, committed 94272K, reserved 1179648K
  class space    used 9471K, committed 10112K, reserved 1048576K
}
Event: 1183.013 GC heap after
{Heap after GC invocations=1721 (full 28):
 PSYoungGen      total 6144K, used 96K [0x00000000eab00000, 0x00000000eb300000, 0x0000000100000000)
  eden space 5632K, 0% used [0x00000000eab00000,0x00000000eab00000,0x00000000eb080000)
  from space 512K, 18% used [0x00000000eb280000,0x00000000eb298000,0x00000000eb300000)
  to   space 1024K, 0% used [0x00000000eb100000,0x00000000eb100000,0x00000000eb200000)
 ParOldGen       total 189952K, used 151130K [0x00000000c0000000, 0x00000000cb980000, 0x00000000eab00000)
  object space 189952K, 79% used [0x00000000c0000000,0x00000000c9396a90,0x00000000cb980000)
 Metaspace       used 92735K, committed 94272K, reserved 1179648K
  class space    used 9471K, committed 10112K, reserved 1048576K
}
Event: 1183.255 GC heap before
{Heap before GC invocations=1722 (full 28):
 PSYoungGen      total 6144K, used 5728K [0x00000000eab00000, 0x00000000eb300000, 0x0000000100000000)
  eden space 5632K, 100% used [0x00000000eab00000,0x00000000eb080000,0x00000000eb080000)
  from space 512K, 18% used [0x00000000eb280000,0x00000000eb298000,0x00000000eb300000)
  to   space 1024K, 0% used [0x00000000eb100000,0x00000000eb100000,0x00000000eb200000)
 ParOldGen       total 189952K, used 151130K [0x00000000c0000000, 0x00000000cb980000, 0x00000000eab00000)
  object space 189952K, 79% used [0x00000000c0000000,0x00000000c9396a90,0x00000000cb980000)
 Metaspace       used 92735K, committed 94272K, reserved 1179648K
  class space    used 9471K, committed 10112K, reserved 1048576K
}
Event: 1183.256 GC heap after
{Heap after GC invocations=1722 (full 28):
 PSYoungGen      total 6656K, used 320K [0x00000000eab00000, 0x00000000eb300000, 0x0000000100000000)
  eden space 5632K, 0% used [0x00000000eab00000,0x00000000eab00000,0x00000000eb080000)
  from space 1024K, 31% used [0x00000000eb100000,0x00000000eb150000,0x00000000eb200000)
  to   space 512K, 0% used [0x00000000eb280000,0x00000000eb280000,0x00000000eb300000)
 ParOldGen       total 189952K, used 151170K [0x00000000c0000000, 0x00000000cb980000, 0x00000000eab00000)
  object space 189952K, 79% used [0x00000000c0000000,0x00000000c93a0a90,0x00000000cb980000)
 Metaspace       used 92735K, committed 94272K, reserved 1179648K
  class space    used 9471K, committed 10112K, reserved 1048576K
}
Event: 1183.295 GC heap before
{Heap before GC invocations=1723 (full 28):
 PSYoungGen      total 6656K, used 5952K [0x00000000eab00000, 0x00000000eb300000, 0x0000000100000000)
  eden space 5632K, 100% used [0x00000000eab00000,0x00000000eb080000,0x00000000eb080000)
  from space 1024K, 31% used [0x00000000eb100000,0x00000000eb150000,0x00000000eb200000)
  to   space 512K, 0% used [0x00000000eb280000,0x00000000eb280000,0x00000000eb300000)
 ParOldGen       total 189952K, used 151170K [0x00000000c0000000, 0x00000000cb980000, 0x00000000eab00000)
  object space 189952K, 79% used [0x00000000c0000000,0x00000000c93a0a90,0x00000000cb980000)
 Metaspace       used 92735K, committed 94272K, reserved 1179648K
  class space    used 9471K, committed 10112K, reserved 1048576K
}
Event: 1183.297 GC heap after
{Heap after GC invocations=1723 (full 28):
 PSYoungGen      total 5120K, used 480K [0x00000000eab00000, 0x00000000eb680000, 0x0000000100000000)
  eden space 4608K, 0% used [0x00000000eab00000,0x00000000eab00000,0x00000000eaf80000)
  from space 512K, 93% used [0x00000000eb280000,0x00000000eb2f8020,0x00000000eb300000)
  to   space 3072K, 0% used [0x00000000eaf80000,0x00000000eaf80000,0x00000000eb280000)
 ParOldGen       total 189952K, used 152919K [0x00000000c0000000, 0x00000000cb980000, 0x00000000eab00000)
  object space 189952K, 80% used [0x00000000c0000000,0x00000000c9555e80,0x00000000cb980000)
 Metaspace       used 92735K, committed 94272K, reserved 1179648K
  class space    used 9471K, committed 10112K, reserved 1048576K
}
Event: 1183.318 GC heap before
{Heap before GC invocations=1724 (full 28):
 PSYoungGen      total 5120K, used 5088K [0x00000000eab00000, 0x00000000eb680000, 0x0000000100000000)
  eden space 4608K, 100% used [0x00000000eab00000,0x00000000eaf80000,0x00000000eaf80000)
  from space 512K, 93% used [0x00000000eb280000,0x00000000eb2f8020,0x00000000eb300000)
  to   space 3072K, 0% used [0x00000000eaf80000,0x00000000eaf80000,0x00000000eb280000)
 ParOldGen       total 189952K, used 152919K [0x00000000c0000000, 0x00000000cb980000, 0x00000000eab00000)
  object space 189952K, 80% used [0x00000000c0000000,0x00000000c9555e80,0x00000000cb980000)
 Metaspace       used 92735K, committed 94272K, reserved 1179648K
  class space    used 9471K, committed 10112K, reserved 1048576K
}
Event: 1183.320 GC heap after
{Heap after GC invocations=1724 (full 28):
 PSYoungGen      total 5632K, used 768K [0x00000000eab00000, 0x00000000eb300000, 0x0000000100000000)
  eden space 4608K, 0% used [0x00000000eab00000,0x00000000eab00000,0x00000000eaf80000)
  from space 1024K, 75% used [0x00000000eaf80000,0x00000000eb040000,0x00000000eb080000)
  to   space 1536K, 0% used [0x00000000eb180000,0x00000000eb180000,0x00000000eb300000)
 ParOldGen       total 189952K, used 153428K [0x00000000c0000000, 0x00000000cb980000, 0x00000000eab00000)
  object space 189952K, 80% used [0x00000000c0000000,0x00000000c95d5320,0x00000000cb980000)
 Metaspace       used 92735K, committed 94272K, reserved 1179648K
  class space    used 9471K, committed 10112K, reserved 1048576K
}
Event: 1183.338 GC heap before
{Heap before GC invocations=1725 (full 28):
 PSYoungGen      total 5632K, used 5376K [0x00000000eab00000, 0x00000000eb300000, 0x0000000100000000)
  eden space 4608K, 100% used [0x00000000eab00000,0x00000000eaf80000,0x00000000eaf80000)
  from space 1024K, 75% used [0x00000000eaf80000,0x00000000eb040000,0x00000000eb080000)
  to   space 1536K, 0% used [0x00000000eb180000,0x00000000eb180000,0x00000000eb300000)
 ParOldGen       total 189952K, used 153428K [0x00000000c0000000, 0x00000000cb980000, 0x00000000eab00000)
  object space 189952K, 80% used [0x00000000c0000000,0x00000000c95d5320,0x00000000cb980000)
 Metaspace       used 92735K, committed 94272K, reserved 1179648K
  class space    used 9471K, committed 10112K, reserved 1048576K
}
Event: 1183.339 GC heap after
{Heap after GC invocations=1725 (full 28):
 PSYoungGen      total 5632K, used 790K [0x00000000eab00000, 0x00000000eb280000, 0x0000000100000000)
  eden space 4608K, 0% used [0x00000000eab00000,0x00000000eab00000,0x00000000eaf80000)
  from space 1024K, 77% used [0x00000000eb180000,0x00000000eb2459d0,0x00000000eb280000)
  to   space 1024K, 0% used [0x00000000eaf80000,0x00000000eaf80000,0x00000000eb080000)
 ParOldGen       total 189952K, used 153428K [0x00000000c0000000, 0x00000000cb980000, 0x00000000eab00000)
  object space 189952K, 80% used [0x00000000c0000000,0x00000000c95d5320,0x00000000cb980000)
 Metaspace       used 92735K, committed 94272K, reserved 1179648K
  class space    used 9471K, committed 10112K, reserved 1048576K
}
Event: 1183.365 GC heap before
{Heap before GC invocations=1726 (full 28):
 PSYoungGen      total 5632K, used 5398K [0x00000000eab00000, 0x00000000eb280000, 0x0000000100000000)
  eden space 4608K, 100% used [0x00000000eab00000,0x00000000eaf80000,0x00000000eaf80000)
  from space 1024K, 77% used [0x00000000eb180000,0x00000000eb2459d0,0x00000000eb280000)
  to   space 1024K, 0% used [0x00000000eaf80000,0x00000000eaf80000,0x00000000eb080000)
 ParOldGen       total 189952K, used 153428K [0x00000000c0000000, 0x00000000cb980000, 0x00000000eab00000)
  object space 189952K, 80% used [0x00000000c0000000,0x00000000c95d5320,0x00000000cb980000)
 Metaspace       used 92736K, committed 94272K, reserved 1179648K
  class space    used 9471K, committed 10112K, reserved 1048576K
}
Event: 1183.367 GC heap after
{Heap after GC invocations=1726 (full 28):
 PSYoungGen      total 5632K, used 998K [0x00000000eab00000, 0x00000000eb580000, 0x0000000100000000)
  eden space 4608K, 0% used [0x00000000eab00000,0x00000000eab00000,0x00000000eaf80000)
  from space 1024K, 97% used [0x00000000eaf80000,0x00000000eb0799e0,0x00000000eb080000)
  to   space 3072K, 0% used [0x00000000eb280000,0x00000000eb280000,0x00000000eb580000)
 ParOldGen       total 189952K, used 154812K [0x00000000c0000000, 0x00000000cb980000, 0x00000000eab00000)
  object space 189952K, 81% used [0x00000000c0000000,0x00000000c972f350,0x00000000cb980000)
 Metaspace       used 92736K, committed 94272K, reserved 1179648K
  class space    used 9471K, committed 10112K, reserved 1048576K
}
Event: 1183.399 GC heap before
{Heap before GC invocations=1727 (full 28):
 PSYoungGen      total 5632K, used 5606K [0x00000000eab00000, 0x00000000eb580000, 0x0000000100000000)
  eden space 4608K, 100% used [0x00000000eab00000,0x00000000eaf80000,0x00000000eaf80000)
  from space 1024K, 97% used [0x00000000eaf80000,0x00000000eb0799e0,0x00000000eb080000)
  to   space 3072K, 0% used [0x00000000eb280000,0x00000000eb280000,0x00000000eb580000)
 ParOldGen       total 189952K, used 154812K [0x00000000c0000000, 0x00000000cb980000, 0x00000000eab00000)
  object space 189952K, 81% used [0x00000000c0000000,0x00000000c972f350,0x00000000cb980000)
 Metaspace       used 92736K, committed 94272K, reserved 1179648K
  class space    used 9471K, committed 10112K, reserved 1048576K
}
Event: 1183.401 GC heap after
{Heap after GC invocations=1727 (full 28):
 PSYoungGen      total 5632K, used 1024K [0x00000000eab00000, 0x00000000eb380000, 0x0000000100000000)
  eden space 4608K, 0% used [0x00000000eab00000,0x00000000eab00000,0x00000000eaf80000)
  from space 1024K, 100% used [0x00000000eb280000,0x00000000eb380000,0x00000000eb380000)
  to   space 1536K, 0% used [0x00000000eb080000,0x00000000eb080000,0x00000000eb200000)
 ParOldGen       total 189952K, used 155337K [0x00000000c0000000, 0x00000000cb980000, 0x00000000eab00000)
  object space 189952K, 81% used [0x00000000c0000000,0x00000000c97b27a0,0x00000000cb980000)
 Metaspace       used 92736K, committed 94272K, reserved 1179648K
  class space    used 9471K, committed 10112K, reserved 1048576K
}
Event: 1183.434 GC heap before
{Heap before GC invocations=1728 (full 28):
 PSYoungGen      total 5632K, used 5630K [0x00000000eab00000, 0x00000000eb380000, 0x0000000100000000)
  eden space 4608K, 99% used [0x00000000eab00000,0x00000000eaf7f840,0x00000000eaf80000)
  from space 1024K, 100% used [0x00000000eb280000,0x00000000eb380000,0x00000000eb380000)
  to   space 1536K, 0% used [0x00000000eb080000,0x00000000eb080000,0x00000000eb200000)
 ParOldGen       total 189952K, used 155337K [0x00000000c0000000, 0x00000000cb980000, 0x00000000eab00000)
  object space 189952K, 81% used [0x00000000c0000000,0x00000000c97b27a0,0x00000000cb980000)
 Metaspace       used 92736K, committed 94272K, reserved 1179648K
  class space    used 9471K, committed 10112K, reserved 1048576K
}
Event: 1183.436 GC heap after
{Heap after GC invocations=1728 (full 28):
 PSYoungGen      total 6144K, used 1164K [0x00000000eab00000, 0x00000000eb300000, 0x0000000100000000)
  eden space 4608K, 0% used [0x00000000eab00000,0x00000000eab00000,0x00000000eaf80000)
  from space 1536K, 75% used [0x00000000eb080000,0x00000000eb1a33a0,0x00000000eb200000)
  to   space 1024K, 0% used [0x00000000eb200000,0x00000000eb200000,0x00000000eb300000)
 ParOldGen       total 189952K, used 155337K [0x00000000c0000000, 0x00000000cb980000, 0x00000000eab00000)
  object space 189952K, 81% used [0x00000000c0000000,0x00000000c97b27a0,0x00000000cb980000)
 Metaspace       used 92736K, committed 94272K, reserved 1179648K
  class space    used 9471K, committed 10112K, reserved 1048576K
}
Event: 5288.935 GC heap before
{Heap before GC invocations=1729 (full 28):
 PSYoungGen      total 6144K, used 5772K [0x00000000eab00000, 0x00000000eb300000, 0x0000000100000000)
  eden space 4608K, 99% used [0x00000000eab00000,0x00000000eaf7fff8,0x00000000eaf80000)
  from space 1536K, 75% used [0x00000000eb080000,0x00000000eb1a33a0,0x00000000eb200000)
  to   space 1024K, 0% used [0x00000000eb200000,0x00000000eb200000,0x00000000eb300000)
 ParOldGen       total 189952K, used 155337K [0x00000000c0000000, 0x00000000cb980000, 0x00000000eab00000)
  object space 189952K, 81% used [0x00000000c0000000,0x00000000c97b27a0,0x00000000cb980000)
 Metaspace       used 92747K, committed 94272K, reserved 1179648K
  class space    used 9471K, committed 10112K, reserved 1048576K
}
Event: 5288.936 GC heap after
{Heap after GC invocations=1729 (full 28):
 PSYoungGen      total 5632K, used 992K [0x00000000eab00000, 0x00000000eb300000, 0x0000000100000000)
  eden space 4608K, 0% used [0x00000000eab00000,0x00000000eab00000,0x00000000eaf80000)
  from space 1024K, 96% used [0x00000000eb200000,0x00000000eb2f8000,0x00000000eb300000)
  to   space 1536K, 0% used [0x00000000eb000000,0x00000000eb000000,0x00000000eb180000)
 ParOldGen       total 189952K, used 155345K [0x00000000c0000000, 0x00000000cb980000, 0x00000000eab00000)
  object space 189952K, 81% used [0x00000000c0000000,0x00000000c97b47a0,0x00000000cb980000)
 Metaspace       used 92747K, committed 94272K, reserved 1179648K
  class space    used 9471K, committed 10112K, reserved 1048576K
}

