# JRE version: OpenJDK Runtime Environment Temurin-17.0.10+7 (17.0.10+7) (build 17.0.10+7)
# Java VM: OpenJDK 64-Bit Server VM Temurin-17.0.10+7 (17.0.10+7, mixed mode, tiered, compressed oops, compressed class ptrs, parallel gc, windows-amd64)
GC Precious Log:
 CPUs: 2 total, 2 available
 Memory: 3521M
 Large Page Support: Disabled
 NUMA Support: Disabled
 Compressed Oops: Enabled (32-bit)
 Alignments: Space 512K, Generation 512K, Heap 2M
 Heap Min Capacity: 100M
 Heap Initial Capacity: 100M
 Heap Max Capacity: 1G
 Pre-touch: Disabled
 Parallel Workers: 2
Heap:
 PSYoungGen      total 5632K, used 4111K [0x00000000eab00000, 0x00000000eb200000, 0x0000000100000000)
  eden space 5120K, 70% used [0x00000000eab00000,0x00000000eae83d30,0x00000000eb000000)
  from space 512K, 100% used [0x00000000eb180000,0x00000000eb200000,0x00000000eb200000)
  to   space 1024K, 0% used [0x00000000eb000000,0x00000000eb000000,0x00000000eb100000)
 ParOldGen       total 142848K, used 115921K [0x00000000c0000000, 0x00000000c8b80000, 0x00000000eab00000)
  object space 142848K, 81% used [0x00000000c0000000,0x00000000c7134480,0x00000000c8b80000)
 Metaspace       used 90294K, committed 91520K, reserved 1179648K
  class space    used 8988K, committed 9536K, reserved 1048576K
GC Heap History (20 events):
Event: 2664.198 GC heap before
{Heap before GC invocations=4634 (full 111):
 PSYoungGen      total 4608K, used 4478K [0x00000000eab00000, 0x00000000eb200000, 0x0000000100000000)
  eden space 4096K, 100% used [0x00000000eab00000,0x00000000eaf00000,0x00000000eaf00000)
  from space 512K, 74% used [0x00000000eb180000,0x00000000eb1dfb18,0x00000000eb200000)
  to   space 1536K, 0% used [0x00000000eaf00000,0x00000000eaf00000,0x00000000eb080000)
 ParOldGen       total 140800K, used 137057K [0x00000000c0000000, 0x00000000c8980000, 0x00000000eab00000)
  object space 140800K, 97% used [0x00000000c0000000,0x00000000c85d8480,0x00000000c8980000)
 Metaspace       used 90281K, committed 91520K, reserved 1179648K
  class space    used 8984K, committed 9536K, reserved 1048576K
}
Event: 2664.201 GC heap after
{Heap after GC invocations=4634 (full 111):
 PSYoungGen      total 5632K, used 381K [0x00000000eab00000, 0x00000000eb200000, 0x0000000100000000)
  eden space 4096K, 0% used [0x00000000eab00000,0x00000000eab00000,0x00000000eaf00000)
  from space 1536K, 24% used [0x00000000eaf00000,0x00000000eaf5f610,0x00000000eb080000)
  to   space 512K, 0% used [0x00000000eb180000,0x00000000eb180000,0x00000000eb200000)
 ParOldGen       total 140800K, used 137089K [0x00000000c0000000, 0x00000000c8980000, 0x00000000eab00000)
  object space 140800K, 97% used [0x00000000c0000000,0x00000000c85e0480,0x00000000c8980000)
 Metaspace       used 90281K, committed 91520K, reserved 1179648K
  class space    used 8984K, committed 9536K, reserved 1048576K
}
Event: 2664.225 GC heap before
{Heap before GC invocations=4635 (full 111):
 PSYoungGen      total 5632K, used 4477K [0x00000000eab00000, 0x00000000eb200000, 0x0000000100000000)
  eden space 4096K, 100% used [0x00000000eab00000,0x00000000eaf00000,0x00000000eaf00000)
  from space 1536K, 24% used [0x00000000eaf00000,0x00000000eaf5f610,0x00000000eb080000)
  to   space 512K, 0% used [0x00000000eb180000,0x00000000eb180000,0x00000000eb200000)
 ParOldGen       total 140800K, used 137089K [0x00000000c0000000, 0x00000000c8980000, 0x00000000eab00000)
  object space 140800K, 97% used [0x00000000c0000000,0x00000000c85e0480,0x00000000c8980000)
 Metaspace       used 90281K, committed 91520K, reserved 1179648K
  class space    used 8984K, committed 9536K, reserved 1048576K
}
Event: 2664.228 GC heap after
{Heap after GC invocations=4635 (full 111):
 PSYoungGen      total 4608K, used 206K [0x00000000eab00000, 0x00000000eb200000, 0x0000000100000000)
  eden space 4096K, 0% used [0x00000000eab00000,0x00000000eab00000,0x00000000eaf00000)
  from space 512K, 40% used [0x00000000eb180000,0x00000000eb1b3b08,0x00000000eb200000)
  to   space 512K, 0% used [0x00000000eb100000,0x00000000eb100000,0x00000000eb180000)
 ParOldGen       total 140800K, used 137215K [0x00000000c0000000, 0x00000000c8980000, 0x00000000eab00000)
  object space 140800K, 97% used [0x00000000c0000000,0x00000000c85fff88,0x00000000c8980000)
 Metaspace       used 90281K, committed 91520K, reserved 1179648K
  class space    used 8984K, committed 9536K, reserved 1048576K
}
Event: 2664.261 GC heap before
{Heap before GC invocations=4636 (full 111):
 PSYoungGen      total 4608K, used 4302K [0x00000000eab00000, 0x00000000eb200000, 0x0000000100000000)
  eden space 4096K, 100% used [0x00000000eab00000,0x00000000eaf00000,0x00000000eaf00000)
  from space 512K, 40% used [0x00000000eb180000,0x00000000eb1b3b08,0x00000000eb200000)
  to   space 512K, 0% used [0x00000000eb100000,0x00000000eb100000,0x00000000eb180000)
 ParOldGen       total 140800K, used 137215K [0x00000000c0000000, 0x00000000c8980000, 0x00000000eab00000)
  object space 140800K, 97% used [0x00000000c0000000,0x00000000c85fff88,0x00000000c8980000)
 Metaspace       used 90281K, committed 91520K, reserved 1179648K
  class space    used 8984K, committed 9536K, reserved 1048576K
}
Event: 2664.268 GC heap after
{Heap after GC invocations=4636 (full 111):
 PSYoungGen      total 4608K, used 494K [0x00000000eab00000, 0x00000000eb200000, 0x0000000100000000)
  eden space 4096K, 0% used [0x00000000eab00000,0x00000000eab00000,0x00000000eaf00000)
  from space 512K, 96% used [0x00000000eb100000,0x00000000eb17bb28,0x00000000eb180000)
  to   space 512K, 0% used [0x00000000eb180000,0x00000000eb180000,0x00000000eb200000)
 ParOldGen       total 140800K, used 137832K [0x00000000c0000000, 0x00000000c8980000, 0x00000000eab00000)
  object space 140800K, 97% used [0x00000000c0000000,0x00000000c869a1a8,0x00000000c8980000)
 Metaspace       used 90281K, committed 91520K, reserved 1179648K
  class space    used 8984K, committed 9536K, reserved 1048576K
}
Event: 2664.299 GC heap before
{Heap before GC invocations=4637 (full 111):
 PSYoungGen      total 4608K, used 4590K [0x00000000eab00000, 0x00000000eb200000, 0x0000000100000000)
  eden space 4096K, 100% used [0x00000000eab00000,0x00000000eaf00000,0x00000000eaf00000)
  from space 512K, 96% used [0x00000000eb100000,0x00000000eb17bb28,0x00000000eb180000)
  to   space 512K, 0% used [0x00000000eb180000,0x00000000eb180000,0x00000000eb200000)
 ParOldGen       total 140800K, used 137832K [0x00000000c0000000, 0x00000000c8980000, 0x00000000eab00000)
  object space 140800K, 97% used [0x00000000c0000000,0x00000000c869a1a8,0x00000000c8980000)
 Metaspace       used 90281K, committed 91520K, reserved 1179648K
  class space    used 8984K, committed 9536K, reserved 1048576K
}
Event: 2664.310 GC heap after
{Heap after GC invocations=4637 (full 111):
 PSYoungGen      total 5632K, used 448K [0x00000000eab00000, 0x00000000eb200000, 0x0000000100000000)
  eden space 5120K, 0% used [0x00000000eab00000,0x00000000eab00000,0x00000000eb000000)
  from space 512K, 87% used [0x00000000eb180000,0x00000000eb1f0000,0x00000000eb200000)
  to   space 1024K, 0% used [0x00000000eb000000,0x00000000eb000000,0x00000000eb100000)
 ParOldGen       total 140800K, used 138287K [0x00000000c0000000, 0x00000000c8980000, 0x00000000eab00000)
  object space 140800K, 98% used [0x00000000c0000000,0x00000000c870bcf0,0x00000000c8980000)
 Metaspace       used 90281K, committed 91520K, reserved 1179648K
  class space    used 8984K, committed 9536K, reserved 1048576K
}
Event: 2664.328 GC heap before
{Heap before GC invocations=4638 (full 111):
 PSYoungGen      total 5632K, used 5568K [0x00000000eab00000, 0x00000000eb200000, 0x0000000100000000)
  eden space 5120K, 100% used [0x00000000eab00000,0x00000000eb000000,0x00000000eb000000)
  from space 512K, 87% used [0x00000000eb180000,0x00000000eb1f0000,0x00000000eb200000)
  to   space 1024K, 0% used [0x00000000eb000000,0x00000000eb000000,0x00000000eb100000)
 ParOldGen       total 140800K, used 138287K [0x00000000c0000000, 0x00000000c8980000, 0x00000000eab00000)
  object space 140800K, 98% used [0x00000000c0000000,0x00000000c870bcf0,0x00000000c8980000)
 Metaspace       used 90281K, committed 91520K, reserved 1179648K
  class space    used 8984K, committed 9536K, reserved 1048576K
}
Event: 2664.332 GC heap after
{Heap after GC invocations=4638 (full 111):
 PSYoungGen      total 6144K, used 1006K [0x00000000eab00000, 0x00000000eb200000, 0x0000000100000000)
  eden space 5120K, 0% used [0x00000000eab00000,0x00000000eab00000,0x00000000eb000000)
  from space 1024K, 98% used [0x00000000eb000000,0x00000000eb0fbb08,0x00000000eb100000)
  to   space 512K, 0% used [0x00000000eb180000,0x00000000eb180000,0x00000000eb200000)
 ParOldGen       total 140800K, used 138715K [0x00000000c0000000, 0x00000000c8980000, 0x00000000eab00000)
  object space 140800K, 98% used [0x00000000c0000000,0x00000000c8776f68,0x00000000c8980000)
 Metaspace       used 90281K, committed 91520K, reserved 1179648K
  class space    used 8984K, committed 9536K, reserved 1048576K
}
Event: 2664.391 GC heap before
{Heap before GC invocations=4639 (full 111):
 PSYoungGen      total 6144K, used 6126K [0x00000000eab00000, 0x00000000eb200000, 0x0000000100000000)
  eden space 5120K, 100% used [0x00000000eab00000,0x00000000eb000000,0x00000000eb000000)
  from space 1024K, 98% used [0x00000000eb000000,0x00000000eb0fbb08,0x00000000eb100000)
  to   space 512K, 0% used [0x00000000eb180000,0x00000000eb180000,0x00000000eb200000)
 ParOldGen       total 140800K, used 138715K [0x00000000c0000000, 0x00000000c8980000, 0x00000000eab00000)
  object space 140800K, 98% used [0x00000000c0000000,0x00000000c8776f68,0x00000000c8980000)
 Metaspace       used 90282K, committed 91520K, reserved 1179648K
  class space    used 8984K, committed 9536K, reserved 1048576K
}
Event: 2664.397 GC heap after
{Heap after GC invocations=4639 (full 111):
 PSYoungGen      total 5632K, used 512K [0x00000000eab00000, 0x00000000eb200000, 0x0000000100000000)
  eden space 5120K, 0% used [0x00000000eab00000,0x00000000eab00000,0x00000000eb000000)
  from space 512K, 100% used [0x00000000eb180000,0x00000000eb200000,0x00000000eb200000)
  to   space 1024K, 0% used [0x00000000eb000000,0x00000000eb000000,0x00000000eb100000)
 ParOldGen       total 140800K, used 140514K [0x00000000c0000000, 0x00000000c8980000, 0x00000000eab00000)
  object space 140800K, 99% used [0x00000000c0000000,0x00000000c8938810,0x00000000c8980000)
 Metaspace       used 90282K, committed 91520K, reserved 1179648K
  class space    used 8984K, committed 9536K, reserved 1048576K
}
Event: 2664.397 GC heap before
{Heap before GC invocations=4640 (full 112):
 PSYoungGen      total 5632K, used 512K [0x00000000eab00000, 0x00000000eb200000, 0x0000000100000000)
  eden space 5120K, 0% used [0x00000000eab00000,0x00000000eab00000,0x00000000eb000000)
  from space 512K, 100% used [0x00000000eb180000,0x00000000eb200000,0x00000000eb200000)
  to   space 1024K, 0% used [0x00000000eb000000,0x00000000eb000000,0x00000000eb100000)
 ParOldGen       total 140800K, used 140514K [0x00000000c0000000, 0x00000000c8980000, 0x00000000eab00000)
  object space 140800K, 99% used [0x00000000c0000000,0x00000000c8938810,0x00000000c8980000)
 Metaspace       used 90282K, committed 91520K, reserved 1179648K
  class space    used 8984K, committed 9536K, reserved 1048576K
}
Event: 2665.557 GC heap after
{Heap after GC invocations=4640 (full 112):
 PSYoungGen      total 6144K, used 0K [0x00000000eab00000, 0x00000000eb200000, 0x0000000100000000)
  eden space 5120K, 0% used [0x00000000eab00000,0x00000000eab00000,0x00000000eb000000)
  from space 1024K, 0% used [0x00000000eb000000,0x00000000eb000000,0x00000000eb100000)
  to   space 512K, 0% used [0x00000000eb180000,0x00000000eb180000,0x00000000eb200000)
 ParOldGen       total 142848K, used 112607K [0x00000000c0000000, 0x00000000c8b80000, 0x00000000eab00000)
  object space 142848K, 78% used [0x00000000c0000000,0x00000000c6df7e70,0x00000000c8b80000)
 Metaspace       used 90282K, committed 91520K, reserved 1179648K
  class space    used 8984K, committed 9536K, reserved 1048576K
}
Event: 2665.789 GC heap before
{Heap before GC invocations=4641 (full 112):
 PSYoungGen      total 6144K, used 5120K [0x00000000eab00000, 0x00000000eb200000, 0x0000000100000000)
  eden space 5120K, 100% used [0x00000000eab00000,0x00000000eb000000,0x00000000eb000000)
  from space 1024K, 0% used [0x00000000eb000000,0x00000000eb000000,0x00000000eb100000)
  to   space 512K, 0% used [0x00000000eb180000,0x00000000eb180000,0x00000000eb200000)
 ParOldGen       total 142848K, used 112607K [0x00000000c0000000, 0x00000000c8b80000, 0x00000000eab00000)
  object space 142848K, 78% used [0x00000000c0000000,0x00000000c6df7e70,0x00000000c8b80000)
 Metaspace       used 90282K, committed 91520K, reserved 1179648K
  class space    used 8984K, committed 9536K, reserved 1048576K
}
Event: 2665.796 GC heap after
{Heap after GC invocations=4641 (full 112):
 PSYoungGen      total 5632K, used 494K [0x00000000eab00000, 0x00000000eb200000, 0x0000000100000000)
  eden space 5120K, 0% used [0x00000000eab00000,0x00000000eab00000,0x00000000eb000000)
  from space 512K, 96% used [0x00000000eb180000,0x00000000eb1fbb08,0x00000000eb200000)
  to   space 1024K, 0% used [0x00000000eb000000,0x00000000eb000000,0x00000000eb100000)
 ParOldGen       total 142848K, used 113303K [0x00000000c0000000, 0x00000000c8b80000, 0x00000000eab00000)
  object space 142848K, 79% used [0x00000000c0000000,0x00000000c6ea5eb0,0x00000000c8b80000)
 Metaspace       used 90282K, committed 91520K, reserved 1179648K
  class space    used 8984K, committed 9536K, reserved 1048576K
}
Event: 2665.854 GC heap before
{Heap before GC invocations=4642 (full 112):
 PSYoungGen      total 5632K, used 5614K [0x00000000eab00000, 0x00000000eb200000, 0x0000000100000000)
  eden space 5120K, 100% used [0x00000000eab00000,0x00000000eb000000,0x00000000eb000000)
  from space 512K, 96% used [0x00000000eb180000,0x00000000eb1fbb08,0x00000000eb200000)
  to   space 1024K, 0% used [0x00000000eb000000,0x00000000eb000000,0x00000000eb100000)
 ParOldGen       total 142848K, used 113303K [0x00000000c0000000, 0x00000000c8b80000, 0x00000000eab00000)
  object space 142848K, 79% used [0x00000000c0000000,0x00000000c6ea5eb0,0x00000000c8b80000)
 Metaspace       used 90282K, committed 91520K, reserved 1179648K
  class space    used 8984K, committed 9536K, reserved 1048576K
}
Event: 2665.859 GC heap after
{Heap after GC invocations=4642 (full 112):
 PSYoungGen      total 6144K, used 1006K [0x00000000eab00000, 0x00000000eb200000, 0x0000000100000000)
  eden space 5120K, 0% used [0x00000000eab00000,0x00000000eab00000,0x00000000eb000000)
  from space 1024K, 98% used [0x00000000eb000000,0x00000000eb0fbb28,0x00000000eb100000)
  to   space 512K, 0% used [0x00000000eb180000,0x00000000eb180000,0x00000000eb200000)
 ParOldGen       total 142848K, used 114180K [0x00000000c0000000, 0x00000000c8b80000, 0x00000000eab00000)
  object space 142848K, 79% used [0x00000000c0000000,0x00000000c6f81338,0x00000000c8b80000)
 Metaspace       used 90282K, committed 91520K, reserved 1179648K
  class space    used 8984K, committed 9536K, reserved 1048576K
}
Event: 2665.993 GC heap before
{Heap before GC invocations=4643 (full 112):
 PSYoungGen      total 6144K, used 6126K [0x00000000eab00000, 0x00000000eb200000, 0x0000000100000000)
  eden space 5120K, 100% used [0x00000000eab00000,0x00000000eb000000,0x00000000eb000000)
  from space 1024K, 98% used [0x00000000eb000000,0x00000000eb0fbb28,0x00000000eb100000)
  to   space 512K, 0% used [0x00000000eb180000,0x00000000eb180000,0x00000000eb200000)
 ParOldGen       total 142848K, used 114180K [0x00000000c0000000, 0x00000000c8b80000, 0x00000000eab00000)
  object space 142848K, 79% used [0x00000000c0000000,0x00000000c6f81338,0x00000000c8b80000)
 Metaspace       used 90282K, committed 91520K, reserved 1179648K
  class space    used 8984K, committed 9536K, reserved 1048576K
}
Event: 2666.004 GC heap after
{Heap after GC invocations=4643 (full 112):
 PSYoungGen      total 5632K, used 512K [0x00000000eab00000, 0x00000000eb200000, 0x0000000100000000)
  eden space 5120K, 0% used [0x00000000eab00000,0x00000000eab00000,0x00000000eb000000)
  from space 512K, 100% used [0x00000000eb180000,0x00000000eb200000,0x00000000eb200000)
  to   space 1024K, 0% used [0x00000000eb000000,0x00000000eb000000,0x00000000eb100000)
 ParOldGen       total 142848K, used 115921K [0x00000000c0000000, 0x00000000c8b80000, 0x00000000eab00000)
  object space 142848K, 81% used [0x00000000c0000000,0x00000000c7134480,0x00000000c8b80000)
 Metaspace       used 90282K, committed 91520K, reserved 1179648K
  class space    used 8984K, committed 9536K, reserved 1048576K
}

