# JRE version: OpenJDK Runtime Environment Temurin-17.0.10+7 (17.0.10+7) (build 17.0.10+7)
# Java VM: OpenJDK 64-Bit Server VM Temurin-17.0.10+7 (17.0.10+7, mixed mode, tiered, compressed oops, compressed class ptrs, parallel gc, windows-amd64)
GC Precious Log:
 CPUs: 2 total, 2 available
 Memory: 3521M
 Large Page Support: Disabled
 NUMA Support: Disabled
 Compressed Oops: Enabled (32-bit)
 Alignments: Space 512K, Generation 512K, Heap 2M
 Heap Min Capacity: 100M
 Heap Initial Capacity: 100M
 Heap Max Capacity: 1G
 Pre-touch: Disabled
 Parallel Workers: 2
Heap:
 PSYoungGen      total 2560K, used 1325K [0x00000000eab00000, 0x00000000eae80000, 0x0000000100000000)
  eden space 1536K, 21% used [0x00000000eab00000,0x00000000eab53050,0x00000000eac80000)
  from space 1024K, 97% used [0x00000000eac80000,0x00000000ead78710,0x00000000ead80000)
  to   space 1024K, 0% used [0x00000000ead80000,0x00000000ead80000,0x00000000eae80000)
 ParOldGen       total 222720K, used 220426K [0x00000000c0000000, 0x00000000cd980000, 0x00000000eab00000)
  object space 222720K, 98% used [0x00000000c0000000,0x00000000cd742ad0,0x00000000cd980000)
 Metaspace       used 84514K, committed 85888K, reserved 1179648K
  class space    used 8637K, committed 9280K, reserved 1048576K
GC Heap History (20 events):
Event: 543.752 GC heap before
{Heap before GC invocations=761 (full 21):
 PSYoungGen      total 2560K, used 2556K [0x00000000eab00000, 0x00000000eb000000, 0x0000000100000000)
  eden space 1536K, 99% used [0x00000000eab00000,0x00000000eac7f050,0x00000000eac80000)
  from space 1024K, 100% used [0x00000000eae00000,0x00000000eaf00000,0x00000000eaf00000)
  to   space 1536K, 0% used [0x00000000eac80000,0x00000000eac80000,0x00000000eae00000)
 ParOldGen       total 222720K, used 217045K [0x00000000c0000000, 0x00000000cd980000, 0x00000000eab00000)
  object space 222720K, 97% used [0x00000000c0000000,0x00000000cd3f5658,0x00000000cd980000)
 Metaspace       used 84514K, committed 85888K, reserved 1179648K
  class space    used 8637K, committed 9280K, reserved 1048576K
}
Event: 543.758 GC heap after
{Heap after GC invocations=761 (full 21):
 PSYoungGen      total 2048K, used 480K [0x00000000eab00000, 0x00000000eae80000, 0x0000000100000000)
  eden space 1536K, 0% used [0x00000000eab00000,0x00000000eab00000,0x00000000eac80000)
  from space 512K, 93% used [0x00000000eac80000,0x00000000eacf8000,0x00000000ead00000)
  to   space 1024K, 0% used [0x00000000ead80000,0x00000000ead80000,0x00000000eae80000)
 ParOldGen       total 222720K, used 218036K [0x00000000c0000000, 0x00000000cd980000, 0x00000000eab00000)
  object space 222720K, 97% used [0x00000000c0000000,0x00000000cd4ed1e8,0x00000000cd980000)
 Metaspace       used 84514K, committed 85888K, reserved 1179648K
  class space    used 8637K, committed 9280K, reserved 1048576K
}
Event: 543.782 GC heap before
{Heap before GC invocations=762 (full 21):
 PSYoungGen      total 2048K, used 2011K [0x00000000eab00000, 0x00000000eae80000, 0x0000000100000000)
  eden space 1536K, 99% used [0x00000000eab00000,0x00000000eac7efc0,0x00000000eac80000)
  from space 512K, 93% used [0x00000000eac80000,0x00000000eacf8000,0x00000000ead00000)
  to   space 1024K, 0% used [0x00000000ead80000,0x00000000ead80000,0x00000000eae80000)
 ParOldGen       total 222720K, used 218036K [0x00000000c0000000, 0x00000000cd980000, 0x00000000eab00000)
  object space 222720K, 97% used [0x00000000c0000000,0x00000000cd4ed1e8,0x00000000cd980000)
 Metaspace       used 84514K, committed 85888K, reserved 1179648K
  class space    used 8637K, committed 9280K, reserved 1048576K
}
Event: 543.786 GC heap after
{Heap after GC invocations=762 (full 21):
 PSYoungGen      total 2048K, used 364K [0x00000000eab00000, 0x00000000eae00000, 0x0000000100000000)
  eden space 1536K, 0% used [0x00000000eab00000,0x00000000eab00000,0x00000000eac80000)
  from space 512K, 71% used [0x00000000ead80000,0x00000000eaddb120,0x00000000eae00000)
  to   space 512K, 0% used [0x00000000eac80000,0x00000000eac80000,0x00000000ead00000)
 ParOldGen       total 222720K, used 218509K [0x00000000c0000000, 0x00000000cd980000, 0x00000000eab00000)
  object space 222720K, 98% used [0x00000000c0000000,0x00000000cd563430,0x00000000cd980000)
 Metaspace       used 84514K, committed 85888K, reserved 1179648K
  class space    used 8637K, committed 9280K, reserved 1048576K
}
Event: 544.723 GC heap before
{Heap before GC invocations=763 (full 21):
 PSYoungGen      total 2048K, used 1900K [0x00000000eab00000, 0x00000000eae00000, 0x0000000100000000)
  eden space 1536K, 99% used [0x00000000eab00000,0x00000000eac7ffe8,0x00000000eac80000)
  from space 512K, 71% used [0x00000000ead80000,0x00000000eaddb120,0x00000000eae00000)
  to   space 512K, 0% used [0x00000000eac80000,0x00000000eac80000,0x00000000ead00000)
 ParOldGen       total 222720K, used 218509K [0x00000000c0000000, 0x00000000cd980000, 0x00000000eab00000)
  object space 222720K, 98% used [0x00000000c0000000,0x00000000cd563430,0x00000000cd980000)
 Metaspace       used 84514K, committed 85888K, reserved 1179648K
  class space    used 8637K, committed 9280K, reserved 1048576K
}
Event: 544.725 GC heap after
{Heap after GC invocations=763 (full 21):
 PSYoungGen      total 2048K, used 320K [0x00000000eab00000, 0x00000000eae00000, 0x0000000100000000)
  eden space 1536K, 0% used [0x00000000eab00000,0x00000000eab00000,0x00000000eac80000)
  from space 512K, 62% used [0x00000000eac80000,0x00000000eacd0000,0x00000000ead00000)
  to   space 512K, 0% used [0x00000000ead80000,0x00000000ead80000,0x00000000eae00000)
 ParOldGen       total 222720K, used 218814K [0x00000000c0000000, 0x00000000cd980000, 0x00000000eab00000)
  object space 222720K, 98% used [0x00000000c0000000,0x00000000cd5afb68,0x00000000cd980000)
 Metaspace       used 84514K, committed 85888K, reserved 1179648K
  class space    used 8637K, committed 9280K, reserved 1048576K
}
Event: 544.744 GC heap before
{Heap before GC invocations=764 (full 21):
 PSYoungGen      total 2048K, used 1855K [0x00000000eab00000, 0x00000000eae00000, 0x0000000100000000)
  eden space 1536K, 99% used [0x00000000eab00000,0x00000000eac7ffc8,0x00000000eac80000)
  from space 512K, 62% used [0x00000000eac80000,0x00000000eacd0000,0x00000000ead00000)
  to   space 512K, 0% used [0x00000000ead80000,0x00000000ead80000,0x00000000eae00000)
 ParOldGen       total 222720K, used 218814K [0x00000000c0000000, 0x00000000cd980000, 0x00000000eab00000)
  object space 222720K, 98% used [0x00000000c0000000,0x00000000cd5afb68,0x00000000cd980000)
 Metaspace       used 84514K, committed 85888K, reserved 1179648K
  class space    used 8637K, committed 9280K, reserved 1048576K
}
Event: 544.747 GC heap after
{Heap after GC invocations=764 (full 21):
 PSYoungGen      total 2048K, used 512K [0x00000000eab00000, 0x00000000eae80000, 0x0000000100000000)
  eden space 1536K, 0% used [0x00000000eab00000,0x00000000eab00000,0x00000000eac80000)
  from space 512K, 100% used [0x00000000ead80000,0x00000000eae00000,0x00000000eae00000)
  to   space 1024K, 0% used [0x00000000eac80000,0x00000000eac80000,0x00000000ead80000)
 ParOldGen       total 222720K, used 218856K [0x00000000c0000000, 0x00000000cd980000, 0x00000000eab00000)
  object space 222720K, 98% used [0x00000000c0000000,0x00000000cd5ba0c8,0x00000000cd980000)
 Metaspace       used 84514K, committed 85888K, reserved 1179648K
  class space    used 8637K, committed 9280K, reserved 1048576K
}
Event: 544.820 GC heap before
{Heap before GC invocations=765 (full 21):
 PSYoungGen      total 2048K, used 2048K [0x00000000eab00000, 0x00000000eae80000, 0x0000000100000000)
  eden space 1536K, 100% used [0x00000000eab00000,0x00000000eac80000,0x00000000eac80000)
  from space 512K, 100% used [0x00000000ead80000,0x00000000eae00000,0x00000000eae00000)
  to   space 1024K, 0% used [0x00000000eac80000,0x00000000eac80000,0x00000000ead80000)
 ParOldGen       total 222720K, used 218856K [0x00000000c0000000, 0x00000000cd980000, 0x00000000eab00000)
  object space 222720K, 98% used [0x00000000c0000000,0x00000000cd5ba0c8,0x00000000cd980000)
 Metaspace       used 84514K, committed 85888K, reserved 1179648K
  class space    used 8637K, committed 9280K, reserved 1048576K
}
Event: 544.824 GC heap after
{Heap after GC invocations=765 (full 21):
 PSYoungGen      total 2560K, used 500K [0x00000000eab00000, 0x00000000eae80000, 0x0000000100000000)
  eden space 1536K, 0% used [0x00000000eab00000,0x00000000eab00000,0x00000000eac80000)
  from space 1024K, 48% used [0x00000000eac80000,0x00000000eacfd148,0x00000000ead80000)
  to   space 1024K, 0% used [0x00000000ead80000,0x00000000ead80000,0x00000000eae80000)
 ParOldGen       total 222720K, used 219361K [0x00000000c0000000, 0x00000000cd980000, 0x00000000eab00000)
  object space 222720K, 98% used [0x00000000c0000000,0x00000000cd6386b8,0x00000000cd980000)
 Metaspace       used 84514K, committed 85888K, reserved 1179648K
  class space    used 8637K, committed 9280K, reserved 1048576K
}
Event: 544.861 GC heap before
{Heap before GC invocations=766 (full 21):
 PSYoungGen      total 2560K, used 2036K [0x00000000eab00000, 0x00000000eae80000, 0x0000000100000000)
  eden space 1536K, 100% used [0x00000000eab00000,0x00000000eac80000,0x00000000eac80000)
  from space 1024K, 48% used [0x00000000eac80000,0x00000000eacfd148,0x00000000ead80000)
  to   space 1024K, 0% used [0x00000000ead80000,0x00000000ead80000,0x00000000eae80000)
 ParOldGen       total 222720K, used 219361K [0x00000000c0000000, 0x00000000cd980000, 0x00000000eab00000)
  object space 222720K, 98% used [0x00000000c0000000,0x00000000cd6386b8,0x00000000cd980000)
 Metaspace       used 84514K, committed 85888K, reserved 1179648K
  class space    used 8637K, committed 9280K, reserved 1048576K
}
Event: 544.864 GC heap after
{Heap after GC invocations=766 (full 21):
 PSYoungGen      total 2048K, used 413K [0x00000000eab00000, 0x00000000eae00000, 0x0000000100000000)
  eden space 1536K, 0% used [0x00000000eab00000,0x00000000eab00000,0x00000000eac80000)
  from space 512K, 80% used [0x00000000ead80000,0x00000000eade74f0,0x00000000eae00000)
  to   space 512K, 0% used [0x00000000ead00000,0x00000000ead00000,0x00000000ead80000)
 ParOldGen       total 222720K, used 219825K [0x00000000c0000000, 0x00000000cd980000, 0x00000000eab00000)
  object space 222720K, 98% used [0x00000000c0000000,0x00000000cd6ac5d8,0x00000000cd980000)
 Metaspace       used 84514K, committed 85888K, reserved 1179648K
  class space    used 8637K, committed 9280K, reserved 1048576K
}
Event: 545.498 GC heap before
{Heap before GC invocations=767 (full 21):
 PSYoungGen      total 2048K, used 1949K [0x00000000eab00000, 0x00000000eae00000, 0x0000000100000000)
  eden space 1536K, 100% used [0x00000000eab00000,0x00000000eac80000,0x00000000eac80000)
  from space 512K, 80% used [0x00000000ead80000,0x00000000eade74f0,0x00000000eae00000)
  to   space 512K, 0% used [0x00000000ead00000,0x00000000ead00000,0x00000000ead80000)
 ParOldGen       total 222720K, used 219825K [0x00000000c0000000, 0x00000000cd980000, 0x00000000eab00000)
  object space 222720K, 98% used [0x00000000c0000000,0x00000000cd6ac5d8,0x00000000cd980000)
 Metaspace       used 84514K, committed 85888K, reserved 1179648K
  class space    used 8637K, committed 9280K, reserved 1048576K
}
Event: 545.501 GC heap after
{Heap after GC invocations=767 (full 21):
 PSYoungGen      total 2048K, used 294K [0x00000000eab00000, 0x00000000eae00000, 0x0000000100000000)
  eden space 1536K, 0% used [0x00000000eab00000,0x00000000eab00000,0x00000000eac80000)
  from space 512K, 57% used [0x00000000ead00000,0x00000000ead49818,0x00000000ead80000)
  to   space 512K, 0% used [0x00000000ead80000,0x00000000ead80000,0x00000000eae00000)
 ParOldGen       total 222720K, used 220201K [0x00000000c0000000, 0x00000000cd980000, 0x00000000eab00000)
  object space 222720K, 98% used [0x00000000c0000000,0x00000000cd70a558,0x00000000cd980000)
 Metaspace       used 84514K, committed 85888K, reserved 1179648K
  class space    used 8637K, committed 9280K, reserved 1048576K
}
Event: 545.596 GC heap before
{Heap before GC invocations=768 (full 21):
 PSYoungGen      total 2048K, used 1830K [0x00000000eab00000, 0x00000000eae00000, 0x0000000100000000)
  eden space 1536K, 100% used [0x00000000eab00000,0x00000000eac80000,0x00000000eac80000)
  from space 512K, 57% used [0x00000000ead00000,0x00000000ead49818,0x00000000ead80000)
  to   space 512K, 0% used [0x00000000ead80000,0x00000000ead80000,0x00000000eae00000)
 ParOldGen       total 222720K, used 220201K [0x00000000c0000000, 0x00000000cd980000, 0x00000000eab00000)
  object space 222720K, 98% used [0x00000000c0000000,0x00000000cd70a558,0x00000000cd980000)
 Metaspace       used 84514K, committed 85888K, reserved 1179648K
  class space    used 8637K, committed 9280K, reserved 1048576K
}
Event: 545.600 GC heap after
{Heap after GC invocations=768 (full 21):
 PSYoungGen      total 2048K, used 486K [0x00000000eab00000, 0x00000000eae80000, 0x0000000100000000)
  eden space 1536K, 0% used [0x00000000eab00000,0x00000000eab00000,0x00000000eac80000)
  from space 512K, 94% used [0x00000000ead80000,0x00000000eadf9818,0x00000000eae00000)
  to   space 1024K, 0% used [0x00000000eac80000,0x00000000eac80000,0x00000000ead80000)
 ParOldGen       total 222720K, used 220266K [0x00000000c0000000, 0x00000000cd980000, 0x00000000eab00000)
  object space 222720K, 98% used [0x00000000c0000000,0x00000000cd71abd0,0x00000000cd980000)
 Metaspace       used 84514K, committed 85888K, reserved 1179648K
  class space    used 8637K, committed 9280K, reserved 1048576K
}
Event: 546.450 GC heap before
{Heap before GC invocations=769 (full 21):
 PSYoungGen      total 2048K, used 2021K [0x00000000eab00000, 0x00000000eae80000, 0x0000000100000000)
  eden space 1536K, 99% used [0x00000000eab00000,0x00000000eac7fef8,0x00000000eac80000)
  from space 512K, 94% used [0x00000000ead80000,0x00000000eadf9818,0x00000000eae00000)
  to   space 1024K, 0% used [0x00000000eac80000,0x00000000eac80000,0x00000000ead80000)
 ParOldGen       total 222720K, used 220266K [0x00000000c0000000, 0x00000000cd980000, 0x00000000eab00000)
  object space 222720K, 98% used [0x00000000c0000000,0x00000000cd71abd0,0x00000000cd980000)
 Metaspace       used 84514K, committed 85888K, reserved 1179648K
  class space    used 8637K, committed 9280K, reserved 1048576K
}
Event: 546.452 GC heap after
{Heap after GC invocations=769 (full 21):
 PSYoungGen      total 2560K, used 801K [0x00000000eab00000, 0x00000000eae80000, 0x0000000100000000)
  eden space 1536K, 0% used [0x00000000eab00000,0x00000000eab00000,0x00000000eac80000)
  from space 1024K, 78% used [0x00000000eac80000,0x00000000ead48710,0x00000000ead80000)
  to   space 1024K, 0% used [0x00000000ead80000,0x00000000ead80000,0x00000000eae80000)
 ParOldGen       total 222720K, used 220266K [0x00000000c0000000, 0x00000000cd980000, 0x00000000eab00000)
  object space 222720K, 98% used [0x00000000c0000000,0x00000000cd71abd0,0x00000000cd980000)
 Metaspace       used 84514K, committed 85888K, reserved 1179648K
  class space    used 8637K, committed 9280K, reserved 1048576K
}
Event: 546.484 GC heap before
{Heap before GC invocations=770 (full 21):
 PSYoungGen      total 2560K, used 2337K [0x00000000eab00000, 0x00000000eae80000, 0x0000000100000000)
  eden space 1536K, 100% used [0x00000000eab00000,0x00000000eac80000,0x00000000eac80000)
  from space 1024K, 78% used [0x00000000eac80000,0x00000000ead48710,0x00000000ead80000)
  to   space 1024K, 0% used [0x00000000ead80000,0x00000000ead80000,0x00000000eae80000)
 ParOldGen       total 222720K, used 220266K [0x00000000c0000000, 0x00000000cd980000, 0x00000000eab00000)
  object space 222720K, 98% used [0x00000000c0000000,0x00000000cd71abd0,0x00000000cd980000)
 Metaspace       used 84514K, committed 85888K, reserved 1179648K
  class space    used 8637K, committed 9280K, reserved 1048576K
}
Event: 546.487 GC heap after
{Heap after GC invocations=770 (full 21):
 PSYoungGen      total 2560K, used 961K [0x00000000eab00000, 0x00000000eae80000, 0x0000000100000000)
  eden space 1536K, 0% used [0x00000000eab00000,0x00000000eab00000,0x00000000eac80000)
  from space 1024K, 93% used [0x00000000ead80000,0x00000000eae70710,0x00000000eae80000)
  to   space 1024K, 0% used [0x00000000eac80000,0x00000000eac80000,0x00000000ead80000)
 ParOldGen       total 222720K, used 220266K [0x00000000c0000000, 0x00000000cd980000, 0x00000000eab00000)
  object space 222720K, 98% used [0x00000000c0000000,0x00000000cd71abd0,0x00000000cd980000)
 Metaspace       used 84514K, committed 85888K, reserved 1179648K
  class space    used 8637K, committed 9280K, reserved 1048576K
}

